<?xml version="1.0" encoding="UTF-8"?>
<!-- Generated by org.testng.reporters.JUnitReportReporter -->
<testsuite hostname="DESKTOP-IAPQ3RA" failures="0" tests="1" name="ecommerceproject.VerifySortByName" time="9.737" errors="0" timestamp="2023-02-07T15:09:26 CST" skipped="0">
  <testcase classname="ecommerceproject.VerifySortByName" name="VerifyTilte" time="9.737"/>
  <system-out/>
</testsuite> <!-- ecommerceproject.VerifySortByName -->
