<?xml version="1.0" encoding="UTF-8"?>
<!-- Generated by org.testng.reporters.JUnitReportReporter -->
<testsuite hostname="DESKTOP-IAPQ3RA" failures="0" tests="1" name="bankingdemo.ValidLoginScenario_TestNg" time="10.380" errors="0" timestamp="2023-02-08T12:11:21 CST" skipped="0">
  <testcase classname="bankingdemo.ValidLoginScenario_TestNg" name="validLogin" time="10.380"/>
  <system-out/>
</testsuite> <!-- bankingdemo.ValidLoginScenario_TestNg -->
